<?xml version="1.0" encoding="UTF-8"?>
<testng-results ignored="0" total="1" passed="1" failed="0" skipped="0">
  <reporter-output>
  </reporter-output>
  <suite started-at="2026-02-24T13:53:01 IST" name="Default suite" finished-at="2026-02-24T13:53:16 IST" duration-ms="14668">
    <groups>
    </groups>
    <test started-at="2026-02-24T13:53:01 IST" name="Default test" finished-at="2026-02-24T13:53:16 IST" duration-ms="14668">
      <class name="com.test.parabank.LoginTestCases">
        <test-method is-config="true" signature="setup()[pri:0, instance:com.test.parabank.LoginTestCases@15de0b3c]" started-at="2026-02-24T13:53:01 IST" name="setup" finished-at="2026-02-24T13:53:12 IST" duration-ms="10590" status="PASS">
          <reporter-output>
          </reporter-output>
        </test-method> <!-- setup -->
        <test-method signature="validLoginCredentialsTest()[pri:0, instance:com.test.parabank.LoginTestCases@15de0b3c]" started-at="2026-02-24T13:53:12 IST" name="validLoginCredentialsTest" finished-at="2026-02-24T13:53:15 IST" duration-ms="2908" status="PASS">
          <reporter-output>
          </reporter-output>
        </test-method> <!-- validLoginCredentialsTest -->
        <test-method is-config="true" signature="shutDown()[pri:0, instance:com.test.parabank.LoginTestCases@15de0b3c]" started-at="2026-02-24T13:53:15 IST" name="shutDown" finished-at="2026-02-24T13:53:16 IST" duration-ms="1055" status="PASS">
          <reporter-output>
          </reporter-output>
        </test-method> <!-- shutDown -->
      </class> <!-- com.test.parabank.LoginTestCases -->
    </test> <!-- Default test -->
  </suite> <!-- Default suite -->
</testng-results>
